<?xml version="1.0" encoding="UTF-8"?>
<testsuite xmlns:xsi="http://www.w3.org/2001/XMLSchema-instance" xsi:noNamespaceSchemaLocation="https://maven.apache.org/surefire/maven-surefire-plugin/xsd/surefire-test-report-3.0.xsd" version="3.0" name="com.example.itune.iTUneSearch.ITUneSearchApplicationTests" time="10.652" tests="1" errors="0" skipped="0" failures="0">
  <properties>
[...]
</properties>
  <testcase name="contextLoads" classname="com.example.itune.iTUneSearch.ITUneSearchApplicationTests" time="9.217">
    <system-out><![CDATA[09:41:21.186 [main] INFO org.springframework.test.context.support.AnnotationConfigContextLoaderUtils -- Could not detect default configuration classes for test class [com.example.itune.iTUneSearch.ITUneSearchApplicationTests]: ITUneSearchApplicationTests does not declare any static, non-private, non-final, nested classes annotated with @Configuration.
09:41:21.311 [main] INFO org.springframework.boot.test.context.SpringBootTestContextBootstrapper -- Found @SpringBootConfiguration com.example.itune.iTUneSearch.ITUneSearchApplication for test class com.example.itune.iTUneSearch.ITUneSearchApplicationTests

  .   ____          _            __ _ _
 /\\ / ___'_ __ _ _(_)_ __  __ _ \ \ \ \
( ( )\___ | '_ | '_| | '_ \/ _` | \ \ \ \
 \\/  ___)| |_)| | | | | || (_| |  ) ) ) )
  '  |____| .__|_| |_|_| |_\__, | / / / /
 =========|_|==============|___/=/_/_/_/
 :: Spring Boot ::                (v3.1.2)

2023-07-29T09:41:21.803+02:00  INFO 6508 --- [           main] c.e.i.i.ITUneSearchApplicationTests      : Starting ITUneSearchApplicationTests using Java 17.0.7 with PID 6508 (started by dgo312 in D:\pvk\codebase\ITuneSearch)
2023-07-29T09:41:21.805+02:00  INFO 6508 --- [           main] c.e.i.i.ITUneSearchApplicationTests      : No active profile set, falling back to 1 default profile: "default"
2023-07-29T09:41:22.405+02:00  INFO 6508 --- [           main] c.e.i.i.ITUneSearchApplicationTests      : Started ITUneSearchApplicationTests in 0.913 seconds (process running for 2.098)
]]></system-out>
  </testcase>
</testsuite>